SF:lib/data/datasources/local/watchlist_local_data_source.dart
DA:15,1
DA:17,1
DA:20,2
DA:23,2
DA:27,1
DA:30,2
DA:33,2
DA:37,0
DA:39,0
DA:41,0
DA:47,1
DA:49,2
DA:50,4
LF:13
LH:10
end_of_record
SF:lib/domain/entities/watchlist_table.dart
DA:12,4
DA:19,2
DA:20,1
DA:21,1
DA:22,1
DA:23,1
DA:24,1
DA:26,0
DA:27,0
DA:28,0
DA:29,0
DA:30,0
DA:31,0
DA:34,0
DA:35,0
DA:36,0
DA:37,0
DA:38,0
DA:41,0
DA:42,0
DA:43,0
DA:44,0
DA:45,0
DA:48,1
DA:49,5
LF:25
LH:9
end_of_record
SF:lib/domain/entities/movie.dart
DA:4,1
DA:20,0
DA:41,0
DA:42,0
DA:43,0
DA:44,0
DA:45,0
DA:46,0
DA:47,0
DA:48,0
DA:49,0
DA:50,0
DA:51,0
DA:52,0
DA:53,0
DA:54,0
DA:55,0
LF:17
LH:1
end_of_record
SF:lib/domain/entities/tv.dart
DA:4,1
DA:20,0
DA:41,0
DA:42,0
DA:43,0
DA:44,0
DA:45,0
DA:46,0
DA:47,0
DA:48,0
DA:49,0
DA:50,0
DA:51,0
DA:52,0
DA:53,0
DA:54,0
DA:55,0
LF:17
LH:1
end_of_record
SF:lib/data/datasources/helpers/database_helper.dart
DA:8,0
DA:12,0
DA:16,0
DA:17,0
DA:23,0
DA:24,0
DA:25,0
DA:27,0
DA:31,0
DA:32,0
DA:43,0
DA:44,0
DA:45,0
DA:48,0
DA:49,0
DA:50,0
DA:53,0
DA:57,0
DA:58,0
DA:59,0
DA:62,0
DA:65,0
DA:66,0
DA:72,0
DA:74,0
DA:76,0
LF:26
LH:0
end_of_record
SF:lib/domain/usecases/save_watchlist.dart
DA:9,1
DA:11,1
DA:12,2
LF:3
LH:3
end_of_record
SF:lib/domain/usecases/get_watchlist.dart
DA:9,1
DA:11,1
DA:13,2
LF:3
LH:3
end_of_record
SF:lib/domain/usecases/remove_watchlist.dart
DA:9,1
DA:11,1
DA:12,2
LF:3
LH:3
end_of_record
SF:lib/domain/usecases/get_watchlist_status.dart
DA:6,1
DA:8,1
DA:10,2
LF:3
LH:3
end_of_record
SF:lib/presentation/bloc/watchlist_tv_event.dart
DA:4,1
DA:6,0
DA:7,0
DA:11,1
DA:13,0
DA:14,0
LF:6
LH:2
end_of_record
SF:lib/presentation/bloc/watchlist_tv_state.dart
DA:4,2
DA:6,0
DA:7,0
DA:16,1
DA:18,0
DA:19,0
DA:25,1
DA:27,0
DA:28,0
LF:9
LH:3
end_of_record
SF:lib/presentation/bloc/watchlist_tv_bloc.dart
DA:12,0
DA:14,0
DA:15,0
DA:16,0
DA:18,0
DA:19,0
DA:20,0
DA:21,0
DA:23,0
DA:24,0
LF:10
LH:0
end_of_record
SF:lib/presentation/pages/watchlist_tv_page.dart
DA:8,1
DA:10,1
DA:11,1
DA:16,1
DA:18,1
DA:19,5
DA:22,1
DA:24,1
DA:25,4
DA:28,0
DA:30,0
DA:33,1
DA:35,1
DA:36,1
DA:39,1
DA:41,1
DA:42,1
DA:43,1
DA:47,1
DA:48,1
DA:50,1
DA:51,1
DA:52,1
DA:53,1
DA:55,1
DA:69,1
DA:71,2
DA:72,1
LF:28
LH:26
end_of_record
SF:lib/presentation/widgets/tv_card_list.dart
DA:10,1
DA:12,1
DA:14,1
DA:16,1
DA:17,0
DA:18,0
DA:21,0
DA:24,1
DA:26,1
DA:27,1
DA:28,1
DA:34,1
DA:36,1
DA:37,1
DA:38,2
DA:41,1
DA:44,1
DA:45,2
DA:53,1
DA:58,1
DA:60,1
DA:61,3
DA:63,1
DA:66,0
LF:24
LH:20
end_of_record
SF:lib/presentation/bloc/watchlist_movie_state.dart
DA:4,2
DA:6,0
DA:7,0
DA:16,1
DA:18,0
DA:19,0
DA:25,1
DA:27,0
DA:28,0
LF:9
LH:3
end_of_record
SF:lib/presentation/bloc/watchlist_movie_event.dart
DA:4,1
DA:6,0
DA:7,0
DA:11,1
DA:13,0
DA:14,0
LF:6
LH:2
end_of_record
SF:lib/presentation/bloc/watchlist_movie_bloc.dart
DA:12,0
DA:14,0
DA:15,0
DA:16,0
DA:18,0
DA:19,0
DA:20,0
DA:21,0
DA:23,0
DA:24,0
LF:10
LH:0
end_of_record
SF:lib/presentation/pages/watchlist_movies_page.dart
DA:8,1
DA:10,1
DA:11,1
DA:16,1
DA:18,1
DA:19,5
DA:22,1
DA:24,1
DA:25,4
DA:28,0
DA:30,0
DA:33,1
DA:35,1
DA:36,1
DA:39,1
DA:41,1
DA:42,1
DA:43,1
DA:47,1
DA:48,1
DA:50,1
DA:51,1
DA:52,1
DA:53,1
DA:55,1
DA:69,1
DA:71,2
DA:72,1
LF:28
LH:26
end_of_record
SF:lib/presentation/widgets/movie_card_list.dart
DA:10,1
DA:12,1
DA:14,1
DA:16,1
DA:17,0
DA:18,0
DA:21,0
DA:24,1
DA:26,1
DA:27,1
DA:28,1
DA:34,1
DA:36,1
DA:37,1
DA:38,2
DA:41,1
DA:44,1
DA:45,2
DA:53,1
DA:58,1
DA:60,1
DA:61,3
DA:63,1
DA:66,0
LF:24
LH:20
end_of_record
