SF:./movie/lib/data/models/movie_detail_model.dart
DA:6,2
DA:52,1
DA:53,1
DA:54,1
DA:55,1
DA:56,1
DA:57,1
DA:58,4
DA:59,1
DA:60,1
DA:61,1
DA:62,1
DA:63,1
DA:64,1
DA:65,2
DA:66,1
DA:67,1
DA:68,1
DA:69,1
DA:70,1
DA:71,1
DA:72,1
DA:73,1
DA:74,2
DA:75,1
DA:78,0
DA:79,0
DA:80,0
DA:81,0
DA:82,0
DA:83,0
DA:84,0
DA:85,0
DA:86,0
DA:87,0
DA:88,0
DA:89,0
DA:90,0
DA:91,0
DA:92,0
DA:93,0
DA:94,0
DA:95,0
DA:96,0
DA:97,0
DA:98,0
DA:99,0
DA:102,1
DA:103,1
DA:104,1
DA:105,1
DA:106,5
DA:107,1
DA:108,1
DA:109,1
DA:110,1
DA:111,1
DA:112,1
DA:113,1
DA:114,1
DA:115,1
DA:119,1
DA:121,1
DA:122,1
DA:123,1
DA:124,1
DA:125,1
DA:126,1
DA:127,1
DA:128,1
DA:129,1
DA:130,1
DA:131,1
DA:132,1
DA:133,1
DA:134,1
DA:135,1
DA:136,1
DA:137,1
DA:138,1
DA:139,1
DA:140,1
DA:141,1
DA:142,1
LF:84
LH:62
end_of_record
SF:./movie/lib/data/models/movie_model.dart
DA:5,5
DA:35,4
DA:36,2
DA:37,2
DA:38,8
DA:39,2
DA:40,2
DA:41,2
DA:42,4
DA:43,2
DA:44,2
DA:45,2
DA:46,2
DA:47,4
DA:48,2
DA:51,2
DA:52,1
DA:53,1
DA:54,4
DA:55,1
DA:56,1
DA:57,1
DA:58,1
DA:59,1
DA:60,1
DA:61,1
DA:62,1
DA:63,1
DA:64,1
DA:67,2
DA:68,2
DA:69,2
DA:70,2
DA:71,2
DA:72,2
DA:73,2
DA:74,2
DA:75,2
DA:76,2
DA:77,2
DA:78,2
DA:79,2
DA:80,2
DA:81,2
DA:85,2
DA:86,2
DA:87,2
DA:88,2
DA:89,2
DA:90,2
DA:91,2
DA:92,2
DA:93,2
DA:94,2
DA:95,2
DA:96,2
DA:97,2
DA:98,2
DA:99,2
LF:59
LH:59
end_of_record
SF:./movie/lib/data/repositories/movie_repository_impl.dart
DA:13,1
DA:17,1
DA:20,2
DA:21,5
DA:22,1
DA:24,1
DA:29,1
DA:32,2
DA:33,2
DA:34,1
DA:36,1
DA:41,1
DA:44,2
DA:45,3
DA:46,1
DA:48,1
DA:53,1
DA:56,2
DA:57,5
DA:58,1
DA:60,1
DA:65,1
DA:68,2
DA:69,5
DA:70,1
DA:72,1
DA:77,1
DA:80,2
DA:81,5
DA:82,1
DA:84,1
LF:31
LH:31
end_of_record
SF:./movie/lib/domain/entities/movie.dart
DA:4,10
DA:20,0
DA:41,8
DA:42,8
DA:43,8
DA:44,8
DA:45,8
DA:46,8
DA:47,8
DA:48,8
DA:49,8
DA:50,8
DA:51,8
DA:52,8
DA:53,8
DA:54,8
DA:55,8
LF:17
LH:16
end_of_record
SF:./movie/lib/domain/entities/movie_detail.dart
DA:5,4
DA:33,3
DA:34,3
DA:35,3
DA:36,3
DA:37,3
DA:38,3
DA:39,3
DA:40,3
DA:41,3
DA:42,3
DA:43,3
DA:44,3
DA:45,3
LF:14
LH:14
end_of_record
SF:./movie/lib/data/datasources/remote/movie_remote_data_source.dart
DA:25,1
DA:27,1
DA:30,3
DA:32,2
DA:33,4
DA:35,1
DA:39,1
DA:42,4
DA:44,2
DA:45,3
DA:47,1
DA:51,1
DA:53,1
DA:54,3
DA:56,2
DA:57,4
DA:59,1
DA:63,1
DA:66,3
DA:68,2
DA:69,4
DA:71,1
DA:75,1
DA:78,3
DA:80,2
DA:81,4
DA:83,1
DA:87,1
DA:89,1
DA:90,3
DA:92,2
DA:93,4
DA:95,1
LF:33
LH:33
end_of_record
SF:./movie/lib/data/models/movie_response.dart
DA:7,3
DA:9,4
DA:10,4
DA:11,6
DA:12,6
DA:15,2
DA:16,5
DA:19,1
DA:20,2
LF:9
LH:9
end_of_record
SF:./movie/lib/domain/usecases/get_top_rated_movies.dart
DA:9,1
DA:11,1
DA:12,2
LF:3
LH:3
end_of_record
SF:./movie/lib/domain/usecases/get_movie_detail.dart
DA:9,1
DA:11,1
DA:12,2
LF:3
LH:3
end_of_record
SF:./movie/lib/domain/usecases/get_movie_recommendations.dart
DA:9,1
DA:11,1
DA:12,2
LF:3
LH:3
end_of_record
SF:./movie/lib/domain/usecases/get_now_playing_movies.dart
DA:9,1
DA:11,1
DA:12,2
LF:3
LH:3
end_of_record
SF:./movie/lib/domain/usecases/get_popular_movies.dart
DA:9,1
DA:11,1
DA:12,2
LF:3
LH:3
end_of_record
SF:./movie/lib/domain/usecases/search_movies.dart
DA:9,1
DA:11,1
DA:12,2
LF:3
LH:3
end_of_record
SF:./movie/lib/presentation/bloc/movie_top_rated_bloc.dart
DA:12,1
DA:14,2
DA:15,2
DA:16,2
DA:18,2
DA:19,1
DA:20,1
DA:21,3
DA:23,1
DA:24,2
LF:10
LH:10
end_of_record
SF:./movie/lib/presentation/bloc/movie_top_rated_event.dart
DA:4,17
DA:6,0
DA:7,0
DA:11,17
DA:13,0
DA:14,0
LF:6
LH:2
end_of_record
SF:./movie/lib/presentation/bloc/movie_top_rated_state.dart
DA:4,4
DA:6,1
DA:7,1
DA:16,3
DA:18,1
DA:19,2
DA:25,2
DA:27,1
DA:28,2
LF:9
LH:9
end_of_record
SF:./movie/lib/domain/convert.dart
DA:5,1
DA:6,1
DA:7,1
DA:8,1
DA:9,1
DA:10,1
LF:6
LH:6
end_of_record
SF:./movie/lib/presentation/bloc/movie_detail_state.dart
DA:4,3
DA:6,1
DA:7,1
DA:16,2
DA:18,1
DA:19,2
DA:26,2
DA:28,2
DA:29,6
LF:9
LH:9
end_of_record
SF:./movie/lib/presentation/bloc/movie_detail_event.dart
DA:4,2
DA:6,0
DA:7,0
DA:13,2
DA:15,0
DA:16,0
LF:6
LH:2
end_of_record
SF:./movie/lib/presentation/bloc/movie_detail_bloc.dart
DA:16,3
DA:17,2
DA:18,1
DA:20,2
DA:21,2
DA:22,2
DA:24,1
DA:25,1
DA:26,3
DA:28,1
DA:29,1
DA:30,1
DA:31,3
DA:33,1
DA:34,2
LF:15
LH:15
end_of_record
SF:./movie/lib/presentation/bloc/movie_now_playing_event.dart
DA:4,9
DA:6,0
DA:7,0
DA:11,9
DA:13,0
DA:14,0
LF:6
LH:2
end_of_record
SF:./movie/lib/presentation/bloc/movie_now_playing_state.dart
DA:4,2
DA:6,1
DA:7,1
DA:16,2
DA:18,1
DA:19,2
DA:25,1
DA:27,1
DA:28,2
LF:9
LH:9
end_of_record
SF:./movie/lib/presentation/bloc/movie_now_playing_bloc.dart
DA:12,1
DA:14,2
DA:15,2
DA:16,2
DA:18,2
DA:19,1
DA:20,1
DA:21,3
DA:23,1
DA:24,2
LF:10
LH:10
end_of_record
SF:./movie/lib/presentation/bloc/movie_popular_state.dart
DA:4,3
DA:6,1
DA:7,1
DA:16,3
DA:18,1
DA:19,2
DA:25,2
DA:27,1
DA:28,2
LF:9
LH:9
end_of_record
SF:./movie/lib/presentation/bloc/movie_popular_event.dart
DA:4,17
DA:6,0
DA:7,0
DA:11,17
DA:13,0
DA:14,0
LF:6
LH:2
end_of_record
SF:./movie/lib/presentation/bloc/movie_popular_bloc.dart
DA:12,1
DA:14,2
DA:15,2
DA:16,2
DA:18,2
DA:19,1
DA:20,1
DA:21,3
DA:23,1
DA:24,2
LF:10
LH:10
end_of_record
SF:./movie/lib/presentation/bloc/movie_search_state.dart
DA:4,2
DA:6,1
DA:7,1
DA:16,2
DA:18,1
DA:19,2
DA:25,1
DA:27,1
DA:28,2
LF:9
LH:9
end_of_record
SF:./movie/lib/presentation/bloc/movie_search_bloc.dart
DA:13,1
DA:15,2
DA:16,2
DA:17,1
DA:19,2
DA:20,2
DA:21,1
DA:22,1
DA:23,3
DA:25,1
DA:26,2
DA:29,1
LF:12
LH:12
end_of_record
SF:./movie/lib/presentation/bloc/movie_search_event.dart
DA:4,1
DA:6,0
DA:7,0
DA:13,1
DA:15,0
DA:16,0
LF:6
LH:2
end_of_record
SF:./movie/lib/presentation/pages/home_movie_page.dart
DA:13,0
DA:22,0
DA:23,0
DA:28,0
DA:29,0
DA:33,0
DA:35,0
DA:36,0
DA:37,0
DA:38,0
DA:39,0
DA:40,0
DA:41,0
DA:42,0
DA:44,0
DA:47,0
DA:49,0
DA:50,0
DA:51,0
DA:52,0
DA:60,0
DA:63,0
DA:64,0
DA:67,0
DA:70,0
DA:71,0
DA:74,0
DA:77,0
DA:78,0
DA:81,0
DA:82,0
DA:83,0
DA:91,0
DA:93,0
DA:94,0
DA:95,0
DA:96,0
DA:102,0
DA:104,0
DA:105,0
DA:107,0
DA:108,0
DA:110,0
DA:112,0
DA:113,0
DA:114,0
DA:115,0
DA:116,0
DA:117,0
DA:118,0
DA:123,0
DA:125,0
DA:126,0
DA:128,0
DA:129,0
DA:130,0
DA:131,0
DA:132,0
DA:133,0
DA:134,0
DA:139,0
DA:141,0
DA:142,0
DA:144,0
DA:145,0
DA:146,0
DA:147,0
DA:148,0
DA:149,0
DA:161,0
DA:162,0
DA:164,0
DA:165,0
DA:167,0
DA:169,0
DA:182,0
DA:195,0
DA:197,0
DA:199,0
DA:201,0
DA:203,0
DA:204,0
DA:205,0
DA:207,0
DA:208,0
DA:209,0
DA:212,0
DA:215,0
DA:217,0
DA:218,0
DA:219,0
DA:220,0
DA:226,0
DA:231,0
LF:94
LH:0
end_of_record
SF:./movie/lib/presentation/pages/movie_detail_page.dart
DA:15,1
DA:17,1
DA:18,1
DA:22,1
DA:24,1
DA:25,2
DA:26,2
DA:27,4
DA:28,2
DA:29,4
DA:33,1
DA:35,1
DA:36,1
DA:37,1
DA:38,1
DA:39,1
DA:43,1
DA:44,1
DA:45,1
DA:46,1
DA:62,1
DA:64,1
DA:66,3
DA:67,1
DA:68,1
DA:69,1
DA:70,3
DA:72,1
DA:75,0
DA:77,1
DA:79,1
DA:80,1
DA:81,1
DA:91,1
DA:92,1
DA:93,1
DA:95,1
DA:97,1
DA:99,1
DA:100,1
DA:101,2
DA:102,1
DA:104,1
DA:105,1
DA:106,1
DA:107,1
DA:108,1
DA:109,1
DA:110,1
DA:111,4
DA:112,1
DA:113,1
DA:117,1
DA:118,4
DA:119,1
DA:120,1
DA:125,1
DA:127,1
DA:128,1
DA:144,1
DA:145,3
DA:147,1
DA:148,3
DA:150,1
DA:151,1
DA:152,1
DA:153,3
DA:155,1
DA:161,4
DA:165,1
DA:167,1
DA:169,1
DA:170,2
DA:173,1
DA:175,1
DA:177,1
DA:178,1
DA:179,1
DA:184,1
DA:186,1
DA:187,1
DA:189,1
DA:192,1
DA:194,1
DA:196,1
DA:197,1
DA:198,1
DA:200,1
DA:201,0
DA:202,0
DA:205,0
DA:208,1
DA:212,1
DA:214,2
DA:215,1
DA:221,0
DA:228,1
DA:232,0
DA:240,1
DA:242,1
DA:257,1
DA:259,1
DA:262,1
DA:264,0
DA:265,0
DA:274,1
DA:276,2
DA:277,3
DA:280,1
DA:284,3
DA:287,1
DA:288,1
DA:289,1
DA:291,1
DA:292,1
DA:294,0
LF:116
LH:107
end_of_record
SF:./movie/lib/presentation/pages/popular_movies_page.dart
DA:7,1
DA:9,1
DA:10,1
DA:14,1
DA:16,1
DA:17,5
DA:20,1
DA:22,1
DA:23,1
DA:26,1
DA:28,1
DA:29,1
DA:30,1
DA:34,1
DA:35,1
DA:36,1
DA:37,1
DA:38,1
DA:39,1
DA:41,1
LF:20
LH:20
end_of_record
SF:./movie/lib/presentation/pages/top_rated_movies_page.dart
DA:7,1
DA:9,1
DA:10,1
DA:14,1
DA:16,1
DA:17,5
DA:20,1
DA:22,1
DA:23,1
DA:26,1
DA:28,1
DA:29,1
DA:30,1
DA:34,1
DA:35,1
DA:37,1
DA:38,1
DA:39,1
DA:40,1
DA:42,1
LF:20
LH:20
end_of_record
SF:./movie/lib/presentation/pages/search_movie_page.dart
DA:8,0
DA:10,0
DA:12,0
DA:13,0
DA:16,0
DA:18,0
DA:20,0
DA:21,0
DA:22,0
DA:23,0
DA:33,0
DA:35,0
DA:37,0
DA:38,0
DA:39,0
DA:43,0
DA:44,0
DA:45,0
DA:46,0
DA:48,0
DA:49,0
DA:50,0
DA:52,0
DA:56,0
DA:57,0
LF:25
LH:0
end_of_record
SF:./movie/lib/presentation/widgets/movie_card_list.dart
DA:10,2
DA:12,2
DA:14,2
DA:16,2
DA:17,0
DA:18,0
DA:21,0
DA:24,2
DA:26,2
DA:27,2
DA:28,2
DA:34,2
DA:36,2
DA:37,2
DA:38,4
DA:41,2
DA:44,2
DA:45,4
DA:53,2
DA:58,2
DA:60,2
DA:61,6
DA:63,2
DA:66,0
LF:24
LH:20
end_of_record
SF:./tv/lib/data/datasources/remote/tv_remote_data_source.dart
DA:24,1
DA:26,1
DA:29,3
DA:31,2
DA:32,4
DA:34,1
DA:38,1
DA:41,4
DA:43,2
DA:44,3
DA:46,1
DA:50,1
DA:52,1
DA:53,3
DA:55,2
DA:56,4
DA:58,1
DA:62,1
DA:65,3
DA:67,2
DA:68,4
DA:70,1
DA:74,1
DA:77,3
DA:79,2
DA:80,4
DA:82,1
DA:86,1
DA:88,1
DA:89,3
DA:91,2
DA:92,4
DA:94,1
LF:33
LH:33
end_of_record
SF:./tv/lib/data/models/tv_detail_model.dart
DA:33,2
DA:62,2
DA:63,1
DA:64,1
DA:65,1
DA:66,4
DA:67,4
DA:68,1
DA:69,5
DA:70,1
DA:71,1
DA:72,1
DA:73,4
DA:74,1
DA:75,1
DA:76,1
DA:77,1
DA:78,4
DA:79,1
DA:80,1
DA:81,1
DA:82,2
DA:83,1
DA:85,5
DA:86,1
DA:87,1
DA:88,1
DA:89,2
DA:90,1
DA:93,0
DA:94,0
DA:95,0
DA:96,0
DA:97,0
DA:98,0
DA:99,0
DA:100,0
DA:101,0
DA:102,0
DA:103,0
DA:104,0
DA:105,0
DA:106,0
DA:107,0
DA:108,0
DA:109,0
DA:110,0
DA:111,0
DA:112,0
DA:113,0
DA:114,0
DA:115,0
DA:116,0
DA:117,0
DA:118,0
DA:119,0
DA:122,1
DA:123,1
DA:124,1
DA:125,1
DA:126,1
DA:127,1
DA:128,5
DA:129,1
DA:130,1
DA:131,1
DA:132,1
DA:133,1
DA:134,1
DA:135,1
DA:136,1
DA:137,1
DA:138,1
DA:139,1
DA:140,1
DA:141,1
DA:142,1
DA:143,1
DA:144,1
DA:145,1
DA:146,1
DA:147,1
DA:150,1
DA:152,8
DA:162,2
DA:170,2
DA:171,1
DA:172,1
DA:173,1
DA:174,1
DA:175,1
DA:178,0
DA:179,0
DA:180,0
DA:181,0
DA:182,0
DA:183,0
DA:200,0
DA:215,0
DA:216,0
DA:217,0
DA:218,0
DA:219,0
DA:220,0
DA:221,0
DA:222,0
DA:223,0
DA:224,0
DA:225,0
DA:226,0
DA:227,0
DA:228,0
DA:231,0
DA:232,0
DA:233,0
DA:234,0
DA:235,0
DA:236,0
DA:237,0
DA:238,0
DA:239,0
DA:240,0
DA:241,0
DA:242,0
DA:243,0
DA:253,0
DA:260,0
DA:261,0
DA:262,0
DA:263,0
DA:264,0
DA:267,0
DA:268,0
DA:269,0
DA:270,0
DA:271,0
DA:279,0
DA:284,0
DA:285,0
DA:286,0
DA:287,0
DA:290,0
DA:291,0
DA:292,0
DA:306,2
DA:317,2
DA:318,1
DA:319,1
DA:320,1
DA:321,1
DA:322,1
DA:323,1
DA:324,1
DA:325,2
DA:328,0
DA:329,0
DA:330,0
DA:331,0
DA:332,0
DA:333,0
DA:334,0
DA:335,0
DA:336,0
DA:345,0
DA:351,0
DA:352,0
DA:353,0
DA:354,0
DA:357,0
DA:358,0
DA:359,0
DA:360,0
LF:172
LH:74
end_of_record
SF:./tv/lib/data/models/tv_response.dart
DA:7,2
DA:11,4
DA:12,10
DA:15,2
DA:16,5
DA:19,1
DA:20,1
DA:21,1
LF:8
LH:8
end_of_record
SF:./tv/lib/data/models/tv_model.dart
DA:19,4
DA:35,4
DA:36,2
DA:37,2
DA:38,8
DA:39,2
DA:40,2
DA:41,8
DA:42,2
DA:43,2
DA:44,2
DA:45,4
DA:46,2
DA:47,4
DA:48,2
DA:51,2
DA:52,1
DA:53,1
DA:54,4
DA:55,1
DA:56,1
DA:57,4
DA:58,1
DA:59,1
DA:60,1
DA:61,1
DA:62,1
DA:63,1
DA:64,1
DA:67,2
DA:68,2
DA:69,2
DA:70,2
DA:71,2
DA:72,2
DA:73,2
DA:74,2
DA:75,2
DA:76,2
DA:77,2
DA:78,2
DA:79,2
DA:80,2
DA:81,2
DA:84,2
DA:85,2
DA:86,2
DA:87,2
DA:88,2
DA:89,2
DA:90,2
DA:91,2
DA:92,2
DA:93,2
DA:94,2
DA:95,2
DA:96,2
DA:97,2
DA:98,2
LF:59
LH:59
end_of_record
SF:./tv/lib/domain/entities/tv.dart
DA:4,11
DA:20,0
DA:41,6
DA:42,6
DA:43,6
DA:44,6
DA:45,6
DA:46,6
DA:47,6
DA:48,6
DA:49,6
DA:50,6
DA:51,6
DA:52,6
DA:53,6
DA:54,6
DA:55,6
LF:17
LH:16
end_of_record
SF:./tv/lib/domain/entities/tv_detail.dart
DA:34,4
DA:61,2
DA:62,2
DA:63,2
DA:64,2
DA:65,2
DA:66,2
DA:67,2
DA:68,2
DA:69,2
DA:70,2
DA:71,2
DA:72,2
DA:73,2
DA:74,2
DA:75,2
DA:76,2
DA:77,2
DA:78,2
DA:79,2
DA:80,2
DA:81,2
DA:82,2
DA:83,2
DA:84,2
DA:85,2
DA:86,2
DA:87,2
LF:28
LH:28
end_of_record
SF:./tv/lib/data/repositories/tv_repository_impl.dart
DA:13,1
DA:17,1
DA:20,2
DA:21,2
DA:22,1
DA:24,1
DA:29,1
DA:32,2
DA:33,5
DA:34,1
DA:36,1
DA:41,1
DA:44,2
DA:45,5
DA:46,1
DA:48,1
DA:53,1
DA:56,2
DA:57,3
DA:58,1
DA:60,1
DA:65,1
DA:68,2
DA:69,5
DA:70,1
DA:72,1
DA:77,1
DA:80,2
DA:81,5
DA:82,1
DA:84,1
LF:31
LH:31
end_of_record
SF:./tv/lib/domain/usecases/get_recommendation_tvs.dart
DA:9,1
DA:11,1
DA:12,2
LF:3
LH:3
end_of_record
SF:./tv/lib/domain/usecases/get_now_playing_tvs.dart
DA:9,1
DA:11,1
DA:12,2
LF:3
LH:3
end_of_record
SF:./tv/lib/domain/usecases/get_popular_tvs.dart
DA:9,1
DA:11,1
DA:12,2
LF:3
LH:3
end_of_record
SF:./tv/lib/domain/usecases/get_top_rated_tvs.dart
DA:9,1
DA:11,1
DA:12,2
LF:3
LH:3
end_of_record
SF:./tv/lib/domain/usecases/search_tvs.dart
DA:9,1
DA:11,1
DA:12,2
LF:3
LH:3
end_of_record
SF:./tv/lib/domain/usecases/get_tv_detail.dart
DA:9,1
DA:11,1
DA:12,2
LF:3
LH:3
end_of_record
SF:./tv/lib/presentation/bloc/tv_on_airing_event.dart
DA:4,7
DA:6,0
DA:7,0
DA:11,7
DA:13,0
DA:14,0
LF:6
LH:2
end_of_record
SF:./tv/lib/presentation/bloc/tv_on_airing_state.dart
DA:4,4
DA:6,1
DA:7,1
DA:16,3
DA:18,1
DA:19,2
DA:25,2
DA:27,1
DA:28,2
LF:9
LH:9
end_of_record
SF:./tv/lib/presentation/bloc/tv_on_airing_bloc.dart
DA:12,1
DA:14,2
DA:15,2
DA:16,2
DA:18,2
DA:19,1
DA:20,1
DA:21,3
DA:23,1
DA:24,2
LF:10
LH:10
end_of_record
SF:./tv/lib/presentation/pages/on_airing_tv_page.dart
DA:7,1
DA:9,1
DA:10,1
DA:14,1
DA:16,1
DA:17,5
DA:20,1
DA:22,1
DA:23,1
DA:26,1
DA:28,1
DA:29,1
DA:30,1
DA:34,1
DA:35,1
DA:37,1
DA:38,1
DA:39,1
DA:40,1
DA:42,1
LF:20
LH:20
end_of_record
SF:./tv/lib/presentation/widgets/tv_card_list.dart
DA:10,3
DA:12,3
DA:14,3
DA:16,3
DA:17,0
DA:18,0
DA:21,0
DA:24,3
DA:26,3
DA:27,3
DA:28,3
DA:34,3
DA:36,3
DA:37,3
DA:38,6
DA:41,3
DA:44,3
DA:45,6
DA:53,3
DA:58,3
DA:60,3
DA:61,9
DA:63,3
DA:66,0
LF:24
LH:20
end_of_record
SF:./tv/lib/presentation/bloc/tv_detail_event.dart
DA:4,2
DA:6,0
DA:7,0
DA:13,2
DA:15,0
DA:16,0
LF:6
LH:2
end_of_record
SF:./tv/lib/presentation/bloc/tv_detail_state.dart
DA:4,3
DA:6,1
DA:7,1
DA:16,2
DA:18,1
DA:19,2
DA:26,2
DA:28,1
DA:29,2
LF:9
LH:9
end_of_record
SF:./tv/lib/presentation/bloc/tv_detail_bloc.dart
DA:15,3
DA:16,2
DA:17,1
DA:19,2
DA:20,2
DA:21,2
DA:23,1
DA:24,1
DA:25,3
DA:27,1
DA:29,1
DA:30,1
DA:31,3
DA:33,1
DA:34,2
LF:15
LH:15
end_of_record
SF:./tv/lib/presentation/pages/tv_detail_page.dart
DA:15,1
DA:17,1
DA:18,1
DA:22,1
DA:24,1
DA:25,2
DA:26,6
DA:27,6
DA:31,1
DA:33,1
DA:34,1
DA:35,1
DA:36,1
DA:40,1
DA:41,1
DA:42,1
DA:43,1
DA:59,1
DA:61,1
DA:63,3
DA:64,1
DA:65,1
DA:66,1
DA:67,3
DA:69,1
DA:72,0
DA:74,1
DA:76,1
DA:77,1
DA:78,1
DA:88,1
DA:89,1
DA:90,1
DA:92,1
DA:94,1
DA:96,1
DA:97,1
DA:98,2
DA:99,1
DA:101,1
DA:102,1
DA:103,1
DA:104,1
DA:105,1
DA:106,1
DA:107,5
DA:108,2
DA:111,5
DA:112,2
DA:116,1
DA:118,1
DA:119,1
DA:134,1
DA:135,3
DA:140,1
DA:141,1
DA:142,1
DA:143,3
DA:145,1
DA:151,4
DA:155,1
DA:157,1
DA:159,1
DA:160,2
DA:163,1
DA:165,1
DA:167,1
DA:168,1
DA:169,1
DA:173,1
DA:175,1
DA:176,1
DA:178,1
DA:182,1
DA:184,1
DA:186,1
DA:187,1
DA:188,1
DA:190,1
DA:191,0
DA:192,0
DA:195,0
DA:198,1
DA:202,1
DA:204,2
DA:205,1
DA:211,0
DA:218,1
DA:222,0
DA:230,1
DA:232,1
DA:247,1
DA:249,1
DA:252,1
DA:254,0
DA:255,0
DA:264,1
DA:266,2
DA:267,3
DA:270,1
DA:274,3
LF:101
LH:93
end_of_record
SF:./tv/lib/domain/convert.dart
DA:5,1
DA:6,1
DA:7,1
DA:8,1
DA:9,1
DA:10,1
LF:6
LH:6
end_of_record
SF:./tv/lib/presentation/bloc/tv_top_rated_state.dart
DA:4,4
DA:6,1
DA:7,1
DA:16,3
DA:18,1
DA:19,2
DA:25,2
DA:27,1
DA:28,2
LF:9
LH:9
end_of_record
SF:./tv/lib/presentation/bloc/tv_top_rated_event.dart
DA:4,3
DA:6,0
DA:7,0
DA:11,3
DA:13,0
DA:14,0
LF:6
LH:2
end_of_record
SF:./tv/lib/presentation/bloc/tv_top_rated_bloc.dart
DA:12,1
DA:14,2
DA:15,2
DA:16,2
DA:18,2
DA:19,1
DA:20,1
DA:21,3
DA:23,1
DA:24,2
LF:10
LH:10
end_of_record
SF:./tv/lib/presentation/pages/top_rated_tv_page.dart
DA:7,1
DA:9,1
DA:10,1
DA:14,1
DA:16,1
DA:17,5
DA:20,1
DA:22,1
DA:23,1
DA:26,1
DA:28,1
DA:29,1
DA:30,1
DA:34,1
DA:35,1
DA:37,1
DA:38,1
DA:39,1
DA:40,1
DA:42,1
LF:20
LH:20
end_of_record
SF:./tv/lib/presentation/bloc/tv_popular_bloc.dart
DA:12,1
DA:14,2
DA:15,2
DA:16,2
DA:18,2
DA:19,1
DA:20,1
DA:21,3
DA:23,1
DA:24,2
LF:10
LH:10
end_of_record
SF:./tv/lib/presentation/bloc/tv_popular_event.dart
DA:4,3
DA:6,0
DA:7,0
DA:11,3
DA:13,0
DA:14,0
LF:6
LH:2
end_of_record
SF:./tv/lib/presentation/bloc/tv_popular_state.dart
DA:4,4
DA:6,1
DA:7,1
DA:16,3
DA:18,1
DA:19,2
DA:25,2
DA:27,1
DA:28,2
LF:9
LH:9
end_of_record
SF:./tv/lib/presentation/pages/popular_tv_page.dart
DA:7,1
DA:9,1
DA:10,1
DA:14,1
DA:16,1
DA:17,5
DA:20,1
DA:22,1
DA:23,1
DA:26,1
DA:28,1
DA:29,1
DA:30,1
DA:34,1
DA:35,1
DA:37,1
DA:38,1
DA:39,1
DA:40,1
DA:42,1
LF:20
LH:20
end_of_record
SF:./tv/lib/presentation/bloc/tv_search_event.dart
DA:4,1
DA:6,0
DA:7,0
DA:13,1
DA:15,0
DA:16,0
LF:6
LH:2
end_of_record
SF:./tv/lib/presentation/bloc/tv_search_bloc.dart
DA:13,1
DA:15,2
DA:16,2
DA:17,1
DA:19,2
DA:20,2
DA:21,1
DA:22,1
DA:23,3
DA:25,1
DA:26,2
DA:29,1
LF:12
LH:12
end_of_record
SF:./tv/lib/presentation/bloc/tv_search_state.dart
DA:4,2
DA:6,1
DA:7,1
DA:16,2
DA:18,1
DA:19,2
DA:25,1
DA:27,1
DA:28,2
LF:9
LH:9
end_of_record
SF:./watchlist/lib/data/datasources/local/watchlist_local_data_source.dart
DA:15,1
DA:17,1
DA:20,2
DA:23,2
DA:27,1
DA:30,2
DA:33,2
DA:37,0
DA:39,0
DA:41,0
DA:47,1
DA:49,2
DA:50,4
LF:13
LH:10
end_of_record
SF:./watchlist/lib/data/models/watchlist_table.dart
DA:12,6
DA:19,2
DA:20,1
DA:21,1
DA:22,1
DA:23,1
DA:24,1
DA:26,0
DA:27,0
DA:28,0
DA:29,0
DA:30,0
DA:31,0
DA:34,2
DA:35,1
DA:36,1
DA:37,1
DA:38,1
DA:41,2
DA:42,1
DA:43,1
DA:44,1
DA:45,1
DA:48,1
DA:49,5
LF:25
LH:19
end_of_record
SF:./watchlist/lib/domain/entities/movie.dart
DA:4,1
DA:20,1
DA:41,1
DA:42,1
DA:43,1
DA:44,1
DA:45,1
DA:46,1
DA:47,1
DA:48,1
DA:49,1
DA:50,1
DA:51,1
DA:52,1
DA:53,1
DA:54,1
DA:55,1
LF:17
LH:17
end_of_record
SF:./watchlist/lib/domain/entities/tv.dart
DA:4,1
DA:20,1
DA:41,1
DA:42,1
DA:43,1
DA:44,1
DA:45,1
DA:46,1
DA:47,1
DA:48,1
DA:49,1
DA:50,1
DA:51,1
DA:52,1
DA:53,1
DA:54,1
DA:55,1
LF:17
LH:17
end_of_record
SF:./watchlist/lib/data/datasources/helpers/database_helper.dart
DA:8,0
DA:12,0
DA:16,0
DA:17,0
DA:23,0
DA:24,0
DA:25,0
DA:27,0
DA:31,0
DA:32,0
DA:43,0
DA:44,0
DA:45,0
DA:48,0
DA:49,0
DA:50,0
DA:53,0
DA:57,0
DA:58,0
DA:59,0
DA:62,0
DA:65,0
DA:66,0
DA:72,0
DA:74,0
DA:76,0
LF:26
LH:0
end_of_record
SF:./watchlist/lib/domain/usecases/save_watchlist.dart
DA:9,1
DA:11,1
DA:12,2
LF:3
LH:3
end_of_record
SF:./watchlist/lib/domain/usecases/get_watchlist.dart
DA:9,1
DA:11,1
DA:13,2
LF:3
LH:3
end_of_record
SF:./watchlist/lib/domain/usecases/remove_watchlist.dart
DA:9,1
DA:11,1
DA:12,2
LF:3
LH:3
end_of_record
SF:./watchlist/lib/domain/usecases/get_watchlist_status.dart
DA:6,1
DA:8,1
DA:10,2
LF:3
LH:3
end_of_record
SF:./watchlist/lib/presentation/bloc/watchlist_tv_event.dart
DA:4,4
DA:6,0
DA:7,0
DA:11,4
DA:13,0
DA:14,0
LF:6
LH:2
end_of_record
SF:./watchlist/lib/presentation/bloc/watchlist_tv_state.dart
DA:4,4
DA:6,1
DA:7,1
DA:16,3
DA:18,1
DA:19,2
DA:25,2
DA:27,1
DA:28,2
LF:9
LH:9
end_of_record
SF:./watchlist/lib/presentation/bloc/watchlist_tv_bloc.dart
DA:12,1
DA:14,2
DA:15,2
DA:16,2
DA:18,2
DA:19,1
DA:20,1
DA:21,3
DA:23,1
DA:24,6
LF:10
LH:10
end_of_record
SF:./watchlist/lib/presentation/pages/watchlist_tv_page.dart
DA:8,1
DA:10,1
DA:11,1
DA:16,1
DA:18,1
DA:19,5
DA:22,1
DA:24,1
DA:25,4
DA:28,0
DA:30,0
DA:33,1
DA:35,1
DA:36,1
DA:39,1
DA:41,1
DA:42,1
DA:43,1
DA:47,1
DA:48,1
DA:50,1
DA:51,1
DA:52,1
DA:53,1
DA:55,1
DA:69,1
DA:71,2
DA:72,1
LF:28
LH:26
end_of_record
SF:./watchlist/lib/presentation/widgets/tv_card_list.dart
DA:10,1
DA:12,1
DA:14,1
DA:16,1
DA:17,0
DA:18,0
DA:21,0
DA:24,1
DA:26,1
DA:27,1
DA:28,1
DA:34,1
DA:36,1
DA:37,1
DA:38,2
DA:41,1
DA:44,1
DA:45,2
DA:53,1
DA:58,1
DA:60,1
DA:61,3
DA:63,1
DA:66,0
LF:24
LH:20
end_of_record
SF:./watchlist/lib/presentation/bloc/watchlist_movie_state.dart
DA:4,4
DA:6,1
DA:7,1
DA:16,3
DA:18,1
DA:19,2
DA:25,2
DA:27,1
DA:28,2
LF:9
LH:9
end_of_record
SF:./watchlist/lib/presentation/bloc/watchlist_movie_event.dart
DA:4,4
DA:6,0
DA:7,0
DA:11,4
DA:13,0
DA:14,0
LF:6
LH:2
end_of_record
SF:./watchlist/lib/presentation/bloc/watchlist_movie_bloc.dart
DA:12,1
DA:14,2
DA:15,2
DA:16,2
DA:18,2
DA:19,1
DA:20,1
DA:21,3
DA:23,1
DA:24,6
LF:10
LH:10
end_of_record
SF:./watchlist/lib/presentation/pages/watchlist_movies_page.dart
DA:8,1
DA:10,1
DA:11,1
DA:16,1
DA:18,1
DA:19,5
DA:22,1
DA:24,1
DA:25,4
DA:28,0
DA:30,0
DA:33,1
DA:35,1
DA:36,1
DA:39,1
DA:41,1
DA:42,1
DA:43,1
DA:47,1
DA:48,1
DA:50,1
DA:51,1
DA:52,1
DA:53,1
DA:55,1
DA:69,1
DA:71,2
DA:72,1
LF:28
LH:26
end_of_record
SF:./watchlist/lib/presentation/widgets/movie_card_list.dart
DA:10,1
DA:12,1
DA:14,1
DA:16,1
DA:17,0
DA:18,0
DA:21,0
DA:24,1
DA:26,1
DA:27,1
DA:28,1
DA:34,1
DA:36,1
DA:37,1
DA:38,2
DA:41,1
DA:44,1
DA:45,2
DA:53,1
DA:58,1
DA:60,1
DA:61,3
DA:63,1
DA:66,0
LF:24
LH:20
end_of_record
SF:./watchlist/lib/presentation/bloc/watchlist_toggle_state.dart
DA:4,2
DA:6,0
DA:7,0
DA:20,2
DA:22,0
DA:23,0
LF:6
LH:2
end_of_record
SF:./watchlist/lib/presentation/bloc/watchlist_toggle_event.dart
DA:4,0
DA:6,0
DA:7,0
DA:13,0
DA:15,0
DA:16,0
DA:22,0
DA:24,0
DA:25,0
DA:31,0
DA:33,0
DA:34,0
LF:12
LH:0
end_of_record
SF:./watchlist/lib/presentation/bloc/watchlist_toggle_bloc.dart
DA:16,0
DA:17,0
DA:18,0
DA:20,0
DA:22,0
DA:23,0
DA:24,0
DA:26,0
DA:27,0
DA:31,0
DA:34,0
DA:35,0
DA:37,0
DA:39,0
DA:40,0
DA:41,0
DA:43,0
DA:44,0
DA:48,0
DA:51,0
DA:52,0
DA:54,0
DA:55,0
LF:23
LH:0
end_of_record
